<?xml version="1.0" encoding="UTF-8"?>
<testsuite xmlns:xsi="http://www.w3.org/2001/XMLSchema-instance" xsi:noNamespaceSchemaLocation="https://maven.apache.org/surefire/maven-surefire-plugin/xsd/surefire-test-report-3.0.xsd" version="3.0" name="CirculacionBOTest" time="6.303" tests="1" errors="0" skipped="0" failures="0">
  <properties>
[...]
</properties>
  <testcase name="testInsertar" classname="CirculacionBOTest" time="6.25">
    <system-out><![CDATA[insertar
Fecha del prestamo: null
Se logró
]]></system-out>
    <system-err><![CDATA[jun. 17, 2025 3:16:34 P. M. pe.edu.pucp.softinv.daoImpl.DAOImplBase ejecutarModificacionEnBD
INFO: com.mysql.cj.jdbc.CallableStatement: INSERT INTO G3_CIRCULACIONES(RESERVA_ID, USUARIO_ID, EJEMPLAR_ID, FECHA_PRESTAMO, FECHA_VENCIMIENTO, FECHA_DEVOLUCION, ESTADO_PRESTAMO) VALUES (NULL, 1, 4, '2025-06-17', '2025-06-24', NULL, 'VIGENTE')
]]></system-err>
  </testcase>
</testsuite>