<?xml version="1.0" encoding="UTF-8"?>
<testsuite xmlns:xsi="http://www.w3.org/2001/XMLSchema-instance" xsi:noNamespaceSchemaLocation="https://maven.apache.org/surefire/maven-surefire-plugin/xsd/surefire-test-report-3.0.xsd" version="3.0" name="proyprog3.db.util.CifradoTest" time="0.006" tests="2" errors="0" skipped="0" failures="0">
  <properties>
[...]
</properties>
  <testcase name="testDescifrarMD5" classname="proyprog3.db.util.CifradoTest" time="0.002">
    <system-out><![CDATA[descifrarMD5
prog3_bd_2025_1
]]></system-out>
  </testcase>
  <testcase name="testCifrarMD5" classname="proyprog3.db.util.CifradoTest" time="0.002">
    <system-out><![CDATA[cifrarMD5
]]></system-out>
  </testcase>
</testsuite>