<?xml version="1.0" encoding="UTF-8"?>
<testsuite xmlns:xsi="http://www.w3.org/2001/XMLSchema-instance" xsi:noNamespaceSchemaLocation="https://maven.apache.org/surefire/maven-surefire-plugin/xsd/surefire-test-report-3.0.xsd" version="3.0" name="proyprog3.db.DBManagerTest" time="1.62" tests="2" errors="0" skipped="0" failures="0">
  <properties>
[...]
</properties>
  <testcase name="testGetConnection" classname="proyprog3.db.DBManagerTest" time="1.599">
    <system-out><![CDATA[getConnection
com.mysql.cj.jdbc.ConnectionImpl@f627d13
com.mysql.cj.jdbc.ConnectionImpl@352ff4da
]]></system-out>
  </testcase>
  <testcase name="testGetInstance" classname="proyprog3.db.DBManagerTest" time="0.002">
    <system-out><![CDATA[getInstance
pe.edu.pucp.softinv.db.DBManager@4e07b95f
pe.edu.pucp.softinv.db.DBManager@4e07b95f
]]></system-out>
  </testcase>
</testsuite>